{"C:\\Users\\cauan_v_bento\\projeto-quitanda-sa\\backend\\src\\routes\\taskRoutes.js": {"path":"C:\\Users\\cauan_v_bento\\projeto-quitanda-sa\\backend\\src\\routes\\taskRoutes.js","statementMap":{"0":{"start":{"line":4,"column":14},"end":{"line":4,"column":30}},"1":{"start":{"line":7,"column":0},"end":{"line":15,"column":3}},"2":{"start":{"line":8,"column":4},"end":{"line":14,"column":5}},"3":{"start":{"line":9,"column":23},"end":{"line":9,"column":45}},"4":{"start":{"line":10,"column":21},"end":{"line":10,"column":68}},"5":{"start":{"line":11,"column":8},"end":{"line":11,"column":35}},"6":{"start":{"line":13,"column":8},"end":{"line":13,"column":55}},"7":{"start":{"line":18,"column":0},"end":{"line":24,"column":3}},"8":{"start":{"line":19,"column":19},"end":{"line":19,"column":41}},"9":{"start":{"line":20,"column":21},"end":{"line":20,"column":55}},"10":{"start":{"line":22,"column":18},"end":{"line":22,"column":57}},"11":{"start":{"line":23,"column":4},"end":{"line":23,"column":20}},"12":{"start":{"line":27,"column":0},"end":{"line":38,"column":3}},"13":{"start":{"line":28,"column":4},"end":{"line":37,"column":5}},"14":{"start":{"line":29,"column":23},"end":{"line":29,"column":33}},"15":{"start":{"line":30,"column":23},"end":{"line":30,"column":45}},"16":{"start":{"line":31,"column":25},"end":{"line":31,"column":49}},"17":{"start":{"line":33,"column":28},"end":{"line":33,"column":82}},"18":{"start":{"line":34,"column":8},"end":{"line":34,"column":30}},"19":{"start":{"line":36,"column":8},"end":{"line":36,"column":55}},"20":{"start":{"line":41,"column":0},"end":{"line":52,"column":3}},"21":{"start":{"line":42,"column":4},"end":{"line":51,"column":5}},"22":{"start":{"line":43,"column":23},"end":{"line":43,"column":33}},"23":{"start":{"line":44,"column":23},"end":{"line":44,"column":45}},"24":{"start":{"line":45,"column":25},"end":{"line":45,"column":49}},"25":{"start":{"line":47,"column":23},"end":{"line":47,"column":67}},"26":{"start":{"line":48,"column":8},"end":{"line":48,"column":25}},"27":{"start":{"line":50,"column":8},"end":{"line":50,"column":55}}},"fnMap":{"0":{"name":"(anonymous_0)","decl":{"start":{"line":7,"column":16},"end":{"line":7,"column":17}},"loc":{"start":{"line":7,"column":30},"end":{"line":15,"column":1}},"line":7},"1":{"name":"(anonymous_1)","decl":{"start":{"line":18,"column":15},"end":{"line":18,"column":16}},"loc":{"start":{"line":18,"column":29},"end":{"line":24,"column":1}},"line":18},"2":{"name":"(anonymous_2)","decl":{"start":{"line":27,"column":18},"end":{"line":27,"column":19}},"loc":{"start":{"line":27,"column":32},"end":{"line":38,"column":1}},"line":27},"3":{"name":"(anonymous_3)","decl":{"start":{"line":41,"column":21},"end":{"line":41,"column":22}},"loc":{"start":{"line":41,"column":35},"end":{"line":52,"column":1}},"line":41}},"branchMap":{"0":{"loc":{"start":{"line":20,"column":21},"end":{"line":20,"column":55}},"type":"binary-expr","locations":[{"start":{"line":20,"column":21},"end":{"line":20,"column":45}},{"start":{"line":20,"column":49},"end":{"line":20,"column":55}}],"line":20}},"s":{"0":1,"1":1,"2":3,"3":3,"4":3,"5":1,"6":2,"7":1,"8":1,"9":1,"10":1,"11":1,"12":1,"13":0,"14":0,"15":0,"16":0,"17":0,"18":0,"19":0,"20":1,"21":0,"22":0,"23":0,"24":0,"25":0,"26":0,"27":0},"f":{"0":3,"1":1,"2":0,"3":0},"b":{"0":[1,0]},"_coverageSchema":"1a1c01bbd47fc00a2c39e90264f33305004495a9","hash":"b36dbee95e84eb1a72a5676905ac02e4786fd950"}
,"C:\\Users\\cauan_v_bento\\projeto-quitanda-sa\\backend\\src\\services\\taskService.js": {"path":"C:\\Users\\cauan_v_bento\\projeto-quitanda-sa\\backend\\src\\services\\taskService.js","statementMap":{"0":{"start":{"line":3,"column":8},"end":{"line":7,"column":10}},"1":{"start":{"line":11,"column":56},"end":{"line":11,"column":64}},"2":{"start":{"line":13,"column":8},"end":{"line":15,"column":9}},"3":{"start":{"line":14,"column":12},"end":{"line":14,"column":65}},"4":{"start":{"line":18,"column":8},"end":{"line":25,"column":9}},"5":{"start":{"line":19,"column":25},"end":{"line":19,"column":35}},"6":{"start":{"line":20,"column":12},"end":{"line":20,"column":38}},"7":{"start":{"line":21,"column":25},"end":{"line":21,"column":56}},"8":{"start":{"line":22,"column":12},"end":{"line":24,"column":13}},"9":{"start":{"line":23,"column":16},"end":{"line":23,"column":81}},"10":{"start":{"line":27,"column":24},"end":{"line":33,"column":9}},"11":{"start":{"line":35,"column":8},"end":{"line":35,"column":33}},"12":{"start":{"line":36,"column":8},"end":{"line":36,"column":23}},"13":{"start":{"line":40,"column":8},"end":{"line":40,"column":26}},"14":{"start":{"line":44,"column":26},"end":{"line":44,"column":74}},"15":{"start":{"line":44,"column":52},"end":{"line":44,"column":73}},"16":{"start":{"line":45,"column":8},"end":{"line":45,"column":72}},"17":{"start":{"line":45,"column":30},"end":{"line":45,"column":72}},"18":{"start":{"line":46,"column":8},"end":{"line":46,"column":76}},"19":{"start":{"line":47,"column":8},"end":{"line":47,"column":37}},"20":{"start":{"line":51,"column":26},"end":{"line":51,"column":74}},"21":{"start":{"line":51,"column":52},"end":{"line":51,"column":73}},"22":{"start":{"line":52,"column":8},"end":{"line":52,"column":72}},"23":{"start":{"line":52,"column":30},"end":{"line":52,"column":72}},"24":{"start":{"line":53,"column":8},"end":{"line":53,"column":40}},"25":{"start":{"line":54,"column":8},"end":{"line":54,"column":59}},"26":{"start":{"line":58,"column":27},"end":{"line":58,"column":44}}},"fnMap":{"0":{"name":"(anonymous_0)","decl":{"start":{"line":2,"column":4},"end":{"line":2,"column":5}},"loc":{"start":{"line":2,"column":18},"end":{"line":8,"column":5}},"line":2},"1":{"name":"(anonymous_1)","decl":{"start":{"line":10,"column":4},"end":{"line":10,"column":5}},"loc":{"start":{"line":10,"column":25},"end":{"line":37,"column":5}},"line":10},"2":{"name":"(anonymous_2)","decl":{"start":{"line":39,"column":4},"end":{"line":39,"column":5}},"loc":{"start":{"line":39,"column":32},"end":{"line":41,"column":5}},"line":39},"3":{"name":"(anonymous_3)","decl":{"start":{"line":43,"column":4},"end":{"line":43,"column":5}},"loc":{"start":{"line":43,"column":49},"end":{"line":48,"column":5}},"line":43},"4":{"name":"(anonymous_4)","decl":{"start":{"line":44,"column":47},"end":{"line":44,"column":48}},"loc":{"start":{"line":44,"column":52},"end":{"line":44,"column":73}},"line":44},"5":{"name":"(anonymous_5)","decl":{"start":{"line":50,"column":4},"end":{"line":50,"column":5}},"loc":{"start":{"line":50,"column":37},"end":{"line":55,"column":5}},"line":50},"6":{"name":"(anonymous_6)","decl":{"start":{"line":51,"column":47},"end":{"line":51,"column":48}},"loc":{"start":{"line":51,"column":52},"end":{"line":51,"column":73}},"line":51}},"branchMap":{"0":{"loc":{"start":{"line":13,"column":8},"end":{"line":15,"column":9}},"type":"if","locations":[{"start":{"line":13,"column":8},"end":{"line":15,"column":9}},{"start":{},"end":{}}],"line":13},"1":{"loc":{"start":{"line":13,"column":12},"end":{"line":13,"column":41}},"type":"binary-expr","locations":[{"start":{"line":13,"column":12},"end":{"line":13,"column":18}},{"start":{"line":13,"column":22},"end":{"line":13,"column":41}}],"line":13},"2":{"loc":{"start":{"line":18,"column":8},"end":{"line":25,"column":9}},"type":"if","locations":[{"start":{"line":18,"column":8},"end":{"line":25,"column":9}},{"start":{},"end":{}}],"line":18},"3":{"loc":{"start":{"line":22,"column":12},"end":{"line":24,"column":13}},"type":"if","locations":[{"start":{"line":22,"column":12},"end":{"line":24,"column":13}},{"start":{},"end":{}}],"line":22},"4":{"loc":{"start":{"line":30,"column":25},"end":{"line":30,"column":42}},"type":"binary-expr","locations":[{"start":{"line":30,"column":25},"end":{"line":30,"column":36}},{"start":{"line":30,"column":40},"end":{"line":30,"column":42}}],"line":30},"5":{"loc":{"start":{"line":31,"column":20},"end":{"line":31,"column":40}},"type":"binary-expr","locations":[{"start":{"line":31,"column":20},"end":{"line":31,"column":26}},{"start":{"line":31,"column":30},"end":{"line":31,"column":40}}],"line":31},"6":{"loc":{"start":{"line":32,"column":21},"end":{"line":32,"column":36}},"type":"binary-expr","locations":[{"start":{"line":32,"column":21},"end":{"line":32,"column":28}},{"start":{"line":32,"column":32},"end":{"line":32,"column":36}}],"line":32},"7":{"loc":{"start":{"line":45,"column":8},"end":{"line":45,"column":72}},"type":"if","locations":[{"start":{"line":45,"column":8},"end":{"line":45,"column":72}},{"start":{},"end":{}}],"line":45},"8":{"loc":{"start":{"line":52,"column":8},"end":{"line":52,"column":72}},"type":"if","locations":[{"start":{"line":52,"column":8},"end":{"line":52,"column":72}},{"start":{},"end":{}}],"line":52}},"s":{"0":1,"1":3,"2":3,"3":1,"4":2,"5":2,"6":2,"7":2,"8":2,"9":1,"10":1,"11":1,"12":1,"13":1,"14":0,"15":0,"16":0,"17":0,"18":0,"19":0,"20":0,"21":0,"22":0,"23":0,"24":0,"25":0,"26":1},"f":{"0":1,"1":3,"2":1,"3":0,"4":0,"5":0,"6":0},"b":{"0":[1,2],"1":[3,2],"2":[2,0],"3":[1,1],"4":[1,0],"5":[1,1],"6":[1,0],"7":[0,0],"8":[0,0]},"_coverageSchema":"1a1c01bbd47fc00a2c39e90264f33305004495a9","hash":"ed693793736f38c2acb38670ad491f2797a0af27"}
}
