TN:
SF:src\routes\taskRoutes.js
FN:7,(anonymous_0)
FN:18,(anonymous_1)
FN:27,(anonymous_2)
FN:41,(anonymous_3)
FNF:4
FNH:2
FNDA:3,(anonymous_0)
FNDA:1,(anonymous_1)
FNDA:0,(anonymous_2)
FNDA:0,(anonymous_3)
DA:4,1
DA:7,1
DA:8,3
DA:9,3
DA:10,3
DA:11,1
DA:13,2
DA:18,1
DA:19,1
DA:20,1
DA:22,1
DA:23,1
DA:27,1
DA:28,0
DA:29,0
DA:30,0
DA:31,0
DA:33,0
DA:34,0
DA:36,0
DA:41,1
DA:42,0
DA:43,0
DA:44,0
DA:45,0
DA:47,0
DA:48,0
DA:50,0
LF:28
LH:14
BRDA:20,0,0,1
BRDA:20,0,1,0
BRF:2
BRH:1
end_of_record
TN:
SF:src\services\taskService.js
FN:2,(anonymous_0)
FN:10,(anonymous_1)
FN:39,(anonymous_2)
FN:43,(anonymous_3)
FN:44,(anonymous_4)
FN:50,(anonymous_5)
FN:51,(anonymous_6)
FNF:7
FNH:3
FNDA:1,(anonymous_0)
FNDA:3,(anonymous_1)
FNDA:1,(anonymous_2)
FNDA:0,(anonymous_3)
FNDA:0,(anonymous_4)
FNDA:0,(anonymous_5)
FNDA:0,(anonymous_6)
DA:3,1
DA:11,3
DA:13,3
DA:14,1
DA:18,2
DA:19,2
DA:20,2
DA:21,2
DA:22,2
DA:23,1
DA:27,1
DA:35,1
DA:36,1
DA:40,1
DA:44,0
DA:45,0
DA:46,0
DA:47,0
DA:51,0
DA:52,0
DA:53,0
DA:54,0
DA:58,1
LF:23
LH:15
BRDA:13,0,0,1
BRDA:13,0,1,2
BRDA:13,1,0,3
BRDA:13,1,1,2
BRDA:18,2,0,2
BRDA:18,2,1,0
BRDA:22,3,0,1
BRDA:22,3,1,1
BRDA:30,4,0,1
BRDA:30,4,1,0
BRDA:31,5,0,1
BRDA:31,5,1,1
BRDA:32,6,0,1
BRDA:32,6,1,0
BRDA:45,7,0,0
BRDA:45,7,1,0
BRDA:52,8,0,0
BRDA:52,8,1,0
BRF:18
BRH:11
end_of_record
